
  .   ____          _            __ _ _
 /\\ / ___'_ __ _ _(_)_ __  __ _ \ \ \ \
( ( )\___ | '_ | '_| | '_ \/ _` | \ \ \ \
 \\/  ___)| |_)| | | | | || (_| |  ) ) ) )
  '  |____| .__|_| |_|_| |_\__, | / / / /
 =========|_|==============|___/=/_/_/_/

 :: Spring Boot ::                (v3.4.3)

2026-03-20T00:15:55.067+05:30  INFO 24228 --- [HR Portal] [           main] c.gentech.hrportal.HrPortalApplication   : Starting HrPortalApplication v1.0.0 using Java 25 with PID 24228 (C:\GitHubDeskTop\GenTech_HR\GenTechHRPortal\backend\target\hr-portal-1.0.0.jar started by Ranjeet in C:\GitHubDeskTop\GenTech_HR\GenTechHRPortal\backend)
2026-03-20T00:15:55.071+05:30  INFO 24228 --- [HR Portal] [           main] c.gentech.hrportal.HrPortalApplication   : The following 1 profile is active: "dev"
2026-03-20T00:15:56.558+05:30  INFO 24228 --- [HR Portal] [           main] .s.d.r.c.RepositoryConfigurationDelegate : Bootstrapping Spring Data JPA repositories in DEFAULT mode.
2026-03-20T00:15:56.701+05:30  INFO 24228 --- [HR Portal] [           main] .s.d.r.c.RepositoryConfigurationDelegate : Finished Spring Data repository scanning in 126 ms. Found 19 JPA repository interfaces.
2026-03-20T00:15:57.729+05:30  INFO 24228 --- [HR Portal] [           main] o.s.b.w.embedded.tomcat.TomcatWebServer  : Tomcat initialized with port 8081 (http)
2026-03-20T00:15:57.753+05:30  INFO 24228 --- [HR Portal] [           main] o.apache.catalina.core.StandardService   : Starting service [Tomcat]
2026-03-20T00:15:57.755+05:30  INFO 24228 --- [HR Portal] [           main] o.apache.catalina.core.StandardEngine    : Starting Servlet engine: [Apache Tomcat/10.1.36]
2026-03-20T00:15:57.809+05:30  INFO 24228 --- [HR Portal] [           main] o.a.c.c.C.[Tomcat].[localhost].[/]       : Initializing Spring embedded WebApplicationContext
2026-03-20T00:15:57.811+05:30  INFO 24228 --- [HR Portal] [           main] w.s.c.ServletWebServerApplicationContext : Root WebApplicationContext: initialization completed in 2649 ms
2026-03-20T00:15:58.064+05:30  INFO 24228 --- [HR Portal] [           main] o.hibernate.jpa.internal.util.LogHelper  : HHH000204: Processing PersistenceUnitInfo [name: default]
2026-03-20T00:15:58.179+05:30  INFO 24228 --- [HR Portal] [           main] org.hibernate.Version                    : HHH000412: Hibernate ORM core version 6.6.8.Final
2026-03-20T00:15:58.244+05:30  INFO 24228 --- [HR Portal] [           main] o.h.c.internal.RegionFactoryInitiator    : HHH000026: Second-level cache disabled
2026-03-20T00:15:58.760+05:30  INFO 24228 --- [HR Portal] [           main] o.s.o.j.p.SpringPersistenceUnitInfo      : No LoadTimeWeaver setup: ignoring JPA class transformer
2026-03-20T00:15:58.804+05:30  INFO 24228 --- [HR Portal] [           main] com.zaxxer.hikari.HikariDataSource       : HikariPool-1 - Starting...
2026-03-20T00:15:59.125+05:30  INFO 24228 --- [HR Portal] [           main] com.zaxxer.hikari.pool.HikariPool        : HikariPool-1 - Added connection org.postgresql.jdbc.PgConnection@2328ec73
2026-03-20T00:15:59.129+05:30  INFO 24228 --- [HR Portal] [           main] com.zaxxer.hikari.HikariDataSource       : HikariPool-1 - Start completed.
2026-03-20T00:15:59.196+05:30  WARN 24228 --- [HR Portal] [           main] org.hibernate.orm.deprecation            : HHH90000025: PostgreSQLDialect does not need to be specified explicitly using 'hibernate.dialect' (remove the property setting and it will be selected by default)
2026-03-20T00:15:59.224+05:30  INFO 24228 --- [HR Portal] [           main] org.hibernate.orm.connections.pooling    : HHH10001005: Database info:
	Database JDBC URL [Connecting through datasource 'HikariDataSource (HikariPool-1)']
	Database driver: undefined/unknown
	Database version: 18.3
	Autocommit mode: undefined/unknown
	Isolation level: undefined/unknown
	Minimum pool size: undefined/unknown
	Maximum pool size: undefined/unknown
2026-03-20T00:16:01.514+05:30  INFO 24228 --- [HR Portal] [           main] o.h.e.t.j.p.i.JtaPlatformInitiator       : HHH000489: No JTA platform available (set 'hibernate.transaction.jta.platform' to enable JTA platform integration)
2026-03-20T00:16:02.102+05:30  INFO 24228 --- [HR Portal] [           main] j.LocalContainerEntityManagerFactoryBean : Initialized JPA EntityManagerFactory for persistence unit 'default'
2026-03-20T00:16:02.905+05:30  WARN 24228 --- [HR Portal] [           main] r$InitializeUserDetailsManagerConfigurer : Global AuthenticationManager configured with an AuthenticationProvider bean. UserDetailsService beans will not be used by Spring Security for automatically configuring username/password login. Consider removing the AuthenticationProvider bean. Alternatively, consider using the UserDetailsService in a manually instantiated DaoAuthenticationProvider. If the current configuration is intentional, to turn off this warning, increase the logging level of 'org.springframework.security.config.annotation.authentication.configuration.InitializeUserDetailsBeanManagerConfigurer' to ERROR
2026-03-20T00:16:03.065+05:30  INFO 24228 --- [HR Portal] [           main] o.s.d.j.r.query.QueryEnhancerFactory     : Hibernate is in classpath; If applicable, HQL parser will be used.
2026-03-20T00:16:06.696+05:30  INFO 24228 --- [HR Portal] [           main] o.s.b.w.embedded.tomcat.TomcatWebServer  : Tomcat started on port 8081 (http) with context path '/'
2026-03-20T00:16:06.713+05:30  INFO 24228 --- [HR Portal] [           main] c.gentech.hrportal.HrPortalApplication   : Started HrPortalApplication in 12.162 seconds (process running for 12.646)
? Running fixEmployeeCompanyAssignments...
   ? Created salary slip for developer1 - 3/2026
   ? Created salary slip for developer1 - 2/2026
   ? Created salary slip for developer1 - 1/2026
   ? Created salary slip for developer2 - 3/2026
   ? Created salary slip for developer2 - 2/2026
   ? Created salary slip for developer2 - 1/2026
   ? Created salary slip for developer3 - 3/2026
   ? Created salary slip for developer3 - 2/2026
   ? Created salary slip for developer3 - 1/2026
   ? Created salary slip for developer4 - 3/2026
   ? Created salary slip for developer4 - 2/2026
   ? Created salary slip for developer4 - 1/2026
   ? Created salary slip for hr1 - 3/2026
   ? Created salary slip for hr1 - 2/2026
   ? Created salary slip for hr1 - 1/2026
   ? Created salary slip for manager1 - 3/2026
   ? Created salary slip for manager1 - 2/2026
   ? Created salary slip for manager1 - 1/2026
   ? Created salary slip for hrmanager1 - 3/2026
   ? Created salary slip for hrmanager1 - 2/2026
   ? Created salary slip for hrmanager1 - 1/2026
   ? Created salary slip for engineer1 - 3/2026
   ? Created salary slip for engineer1 - 2/2026
   ? Created salary slip for engineer1 - 1/2026
   ? Created salary slip for engineer2 - 3/2026
   ? Created salary slip for engineer2 - 2/2026
   ? Created salary slip for engineer2 - 1/2026
   ? Created salary slip for engineer3 - 3/2026
   ? Created salary slip for engineer3 - 2/2026
   ? Created salary slip for engineer3 - 1/2026
   ? Created salary slip for engineer4 - 3/2026
   ? Created salary slip for engineer4 - 2/2026
   ? Created salary slip for engineer4 - 1/2026
   ? Created salary slip for gm1 - 3/2026
   ? Created salary slip for gm1 - 2/2026
   ? Created salary slip for gm1 - 1/2026
? Test salary slips created successfully!
? Test data initialized successfully!
? Available test accounts:
   Super Admin: superadmin / superadmin123
   Admin (GenTech): admin / admin123
   Admin (FaceBook): admin1 / admin123
   Developer: developer1, developer2, developer3, developer4 / developer123
   HR: hr1 / hr123
   Manager: manager1 / manager123
   HR Manager: hrmanager1 / hrmanager123
   Software Engineer: engineer1, engineer2, engineer3, engineer4 / engineer123
   General Manager: gm1 / gm123
? Checking HR Policy test data...
? Creating HR Policies...
? Created 8 HR Policies
? BGV and HR Policy test data initialized!
? Loading test data...
   ? Policies already exist
   ? Created BGV with documents for developer1 (Fresher)
   ? Created BGV for developer2 (Experienced) - Under Verification
   ? Assigned 5 policies to employees
? Test data loaded successfully!
